  Source.cpp
C:\opencv\opencv\build\include\opencv2/core/mat.hpp(2586): warning C4819: 檔案含有無法在目前字碼頁 (950) 中表示的字元。請以 Unicode 格式儲存檔案以防止資料遺失
C:\opencv\opencv\build\include\opencv2/core/persistence.hpp : warning C4819: 檔案含有無法在目前字碼頁 (950) 中表示的字元。請以 Unicode 格式儲存檔案以防止資料遺失
C:\opencv\opencv\build\include\opencv2/core/utility.hpp : warning C4819: 檔案含有無法在目前字碼頁 (950) 中表示的字元。請以 Unicode 格式儲存檔案以防止資料遺失
C:\opencv\opencv\build\include\opencv2/core/utility.hpp : warning C4819: 檔案含有無法在目前字碼頁 (950) 中表示的字元。請以 Unicode 格式儲存檔案以防止資料遺失
C:\opencv\opencv\build\include\opencv2/imgproc.hpp : warning C4819: 檔案含有無法在目前字碼頁 (950) 中表示的字元。請以 Unicode 格式儲存檔案以防止資料遺失
C:\opencv\opencv\build\include\opencv2/imgproc.hpp(592): warning C4819: 檔案含有無法在目前字碼頁 (950) 中表示的字元。請以 Unicode 格式儲存檔案以防止資料遺失
Source.cpp(162): warning C4244: '=': 將 'double' 轉換為 'float'，由於類型不同，可能導致資料遺失
Source.cpp(248): warning C4244: '=': 將 'double' 轉換為 'float'，由於類型不同，可能導致資料遺失
Source.cpp(598): warning C4244: '引數': 將 'float' 轉換為 'int'，由於類型不同，可能導致資料遺失
Source.cpp(736): warning C4244: '引數': 將 'int' 轉換為 'float'，由於類型不同，可能導致資料遺失
Source.cpp(737): warning C4244: '引數': 將 'int' 轉換為 'float'，由於類型不同，可能導致資料遺失
Source.cpp(740): warning C4244: '引數': 將 'double' 轉換為 'float'，由於類型不同，可能導致資料遺失
Source.cpp(741): warning C4244: '引數': 將 'double' 轉換為 'float'，由於類型不同，可能導致資料遺失
Source.cpp(742): warning C4244: '引數': 將 'double' 轉換為 'float'，由於類型不同，可能導致資料遺失
Source.cpp(782): warning C4244: '正在初始化': 將 'double' 轉換為 'int'，由於類型不同，可能導致資料遺失
Source.cpp(790): warning C4244: '正在初始化': 將 'double' 轉換為 'int'，由於類型不同，可能導致資料遺失
Source.cpp(798): warning C4244: '正在初始化': 將 'double' 轉換為 'int'，由於類型不同，可能導致資料遺失
Source.cpp(806): warning C4244: '正在初始化': 將 'double' 轉換為 'int'，由於類型不同，可能導致資料遺失
Source.cpp(821): warning C4244: '引數': 將 'int' 轉換為 'float'，由於類型不同，可能導致資料遺失
Source.cpp(822): warning C4244: '引數': 將 'int' 轉換為 'float'，由於類型不同，可能導致資料遺失
Source.cpp(1228): warning C4244: '=': 將 'double' 轉換為 'float'，由於類型不同，可能導致資料遺失
Source.cpp(1326): warning C4018: '<': signed/unsigned 不相符
Source.cpp(1335): warning C4267: '引數': 將 'size_t' 轉換為 'int'，資料可能遺失
Source.cpp(1357): warning C4267: '引數': 將 'size_t' 轉換為 'int'，資料可能遺失
Source.cpp(483): warning C4996: 'strcpy': This function or variable may be unsafe. Consider using strcpy_s instead. To disable deprecation, use _CRT_SECURE_NO_WARNINGS. See online help for details.
  C:\Program Files (x86)\Windows Kits\10\Include\10.0.10240.0\ucrt\string.h(119): note: 請參閱 'strcpy' 的宣告
Source.cpp(484): warning C4996: 'strcat': This function or variable may be unsafe. Consider using strcat_s instead. To disable deprecation, use _CRT_SECURE_NO_WARNINGS. See online help for details.
  C:\Program Files (x86)\Windows Kits\10\Include\10.0.10240.0\ucrt\string.h(90): note: 請參閱 'strcat' 的宣告
Source.cpp(485): warning C4996: 'strcat': This function or variable may be unsafe. Consider using strcat_s instead. To disable deprecation, use _CRT_SECURE_NO_WARNINGS. See online help for details.
  C:\Program Files (x86)\Windows Kits\10\Include\10.0.10240.0\ucrt\string.h(90): note: 請參閱 'strcat' 的宣告
Source.cpp(490): warning C4996: 'fopen': This function or variable may be unsafe. Consider using fopen_s instead. To disable deprecation, use _CRT_SECURE_NO_WARNINGS. See online help for details.
  C:\Program Files (x86)\Windows Kits\10\Include\10.0.10240.0\ucrt\stdio.h(205): note: 請參閱 'fopen' 的宣告
Source.cpp(500): warning C4996: 'fopen': This function or variable may be unsafe. Consider using fopen_s instead. To disable deprecation, use _CRT_SECURE_NO_WARNINGS. See online help for details.
  C:\Program Files (x86)\Windows Kits\10\Include\10.0.10240.0\ucrt\stdio.h(205): note: 請參閱 'fopen' 的宣告
Source.cpp(887): warning C4996: 'strcpy': This function or variable may be unsafe. Consider using strcpy_s instead. To disable deprecation, use _CRT_SECURE_NO_WARNINGS. See online help for details.
  C:\Program Files (x86)\Windows Kits\10\Include\10.0.10240.0\ucrt\string.h(119): note: 請參閱 'strcpy' 的宣告
Source.cpp(888): warning C4996: 'strcat': This function or variable may be unsafe. Consider using strcat_s instead. To disable deprecation, use _CRT_SECURE_NO_WARNINGS. See online help for details.
  C:\Program Files (x86)\Windows Kits\10\Include\10.0.10240.0\ucrt\string.h(90): note: 請參閱 'strcat' 的宣告
Source.cpp(889): warning C4996: 'strcat': This function or variable may be unsafe. Consider using strcat_s instead. To disable deprecation, use _CRT_SECURE_NO_WARNINGS. See online help for details.
  C:\Program Files (x86)\Windows Kits\10\Include\10.0.10240.0\ucrt\string.h(90): note: 請參閱 'strcat' 的宣告
Source.cpp(445): warning C4101: 'filesizeBuffer': 未參考的區域變數
Source.cpp(423): warning C4101: 'f': 未參考的區域變數
Source.cpp(447): warning C4101: 'temp': 未參考的區域變數
c:\opencv\opencv\build\include\opencv2\core\cvstd.hpp(596): warning C4793: 'cv::String::String': 函式會編譯成機器碼:
  	找到 Managed 程式碼中不支援的內建
c:\opencv\opencv\build\include\opencv2\core\mat.inl.hpp(413): warning C4793: 'cv::Mat::Mat': 函式會編譯成機器碼:
  	找到 Managed 程式碼中不支援的內建
c:\opencv\opencv\build\include\opencv2\core\mat.inl.hpp(703): warning C4793: 'cv::Mat::release': 函式會編譯成機器碼:
  	找到 Managed 程式碼中不支援的內建
c:\opencv\opencv\build\include\opencv2\core\mat.inl.hpp(1929): warning C4793: 'cv::SparseMat::addref': 函式會編譯成機器碼:
  	找到 Managed 程式碼中不支援的內建
c:\opencv\opencv\build\include\opencv2\core\mat.inl.hpp(3530): warning C4793: 'cv::UMat::addref': 函式會編譯成機器碼:
  	找到 Managed 程式碼中不支援的內建
c:\opencv\opencv\build\include\opencv2\core\ptr.inl.hpp(67): warning C4793: 'cv::detail::PtrOwner::incRef': 函式會編譯成機器碼:
  	找到 Managed 程式碼中不支援的內建
c:\opencv\opencv\build\include\opencv2\core\ptr.inl.hpp(72): warning C4793: 'cv::detail::PtrOwner::decRef': 函式會編譯成機器碼:
  	找到 Managed 程式碼中不支援的內建
  .NETFramework,Version=v4.5.2.AssemblyAttributes.cpp
  Source.obj : Managed 程式碼存在時不支援 /DEBUG:FASTLINK; 正在以 /DEBUG:FULL 重新啟動連結
  Project3.vcxproj -> D:\專題\畢業專題\Server_opencv\x64\Debug\Project3.exe
  Project3.vcxproj -> D:\專題\畢業專題\Server_opencv\x64\Debug\Project3.pdb (Partial PDB)
